<?xml version="1.0" encoding="euc-kr"?>
<str-validation>
   <!-- STR SuspicionReport 체크 -->
	<item>fiuft.str.userclass.ra.validation.str.StrSpcRprtValidationItem</item>
   <!-- STR 통화거래금액 체크 -->
	<!-- <item>fiuft.str.userclass.ra.validation.str.StrCurrencyAmountValidationItem</item> -->
   <!-- STR 지점코드 체크 -->
	<item>fiuft.str.userclass.ra.validation.str.StrBranchValidationItem</item>
   <!-- STR 거래자 역할(UserRelation) 체크 -->
	<item>fiuft.str.userclass.ra.validation.str.StrUserRelationValidationItem</item>
   <!-- STR 유가증권 정보  체크 -->
	<item>fiuft.str.userclass.ra.validation.str.StrSecuritiesValidationItem</item>
   <!-- STR 외환거래체크_ -->
	<item>fiuft.str.userclass.ra.validation.str.StrForeignExchangeValidationItem</item>
   <!-- STR 증권거래체크_ -->
	<item>fiuft.str.userclass.ra.validation.str.StrStockExchangeValidationItem</item>
   <!-- STR 보험거래체크_-->
	<item>fiuft.str.userclass.ra.validation.str.StrInsuranceValidationItem</item>
   <!-- STR 사용자 정보 체크_ -->
	<item>fiuft.str.userclass.ra.validation.str.StrUserValidationItem</item>
   <!-- STR 계좌 정보 체크_ -->
	<item>fiuft.str.userclass.ra.validation.str.StrAccountValidationItem</item>
   <!-- STR 거래자 관계 정보 체크_(InterUserRelation) -->
	<item>fiuft.str.userclass.ra.validation.str.StrInterUserRelationValidationItem</item>
</str-validation>